[debug] [2017-11-27T15:44:53.323Z] ----------------------------------------------------------------------
[debug] [2017-11-27T15:44:53.325Z] Command:       /Users/Steve/.nvm/versions/node/v8.6.0/bin/node /Users/Steve/.nvm/versions/node/v8.6.0/bin/firebase database:push /users/ksCLY8pWEnZJkeKTEdvc8yMs21o1/entries
[debug] [2017-11-27T15:44:53.325Z] CLI Version:   3.15.3
[debug] [2017-11-27T15:44:53.325Z] Platform:      darwin
[debug] [2017-11-27T15:44:53.325Z] Node Version:  v8.6.0
[debug] [2017-11-27T15:44:53.326Z] Time:          Mon Nov 27 2017 07:44:53 GMT-0800 (PST)
[debug] [2017-11-27T15:44:53.326Z] ----------------------------------------------------------------------
[debug] 
[debug] [2017-11-27T15:44:53.342Z] > command requires scopes: ["email","openid","https://www.googleapis.com/auth/cloudplatformprojects.readonly","https://www.googleapis.com/auth/firebase"]
[debug] [2017-11-27T15:44:53.342Z] > authorizing via signed-in user
[debug] [2017-11-27T15:44:53.344Z] >>> HTTP REQUEST GET https://admin.firebase.com/v1/projects/berkeley-sprout  
 Mon Nov 27 2017 07:44:53 GMT-0800 (PST)
[debug] [2017-11-27T15:44:53.784Z] <<< HTTP RESPONSE 200
[debug] [2017-11-27T15:44:53.784Z] >>> HTTP REQUEST GET https://admin.firebase.com/v1/database/berkeley-sprout/tokens  
 Mon Nov 27 2017 07:44:53 GMT-0800 (PST)
[debug] [2017-11-27T15:44:54.179Z] <<< HTTP RESPONSE 200
[info] Note: Reading STDIN. Type JSON data and then press Ctrl-D
[info] 
[error] 
[error] Error: Unexpected error while pushing data
[debug] [2017-11-27T18:37:36.773Z] ----------------------------------------------------------------------
[debug] [2017-11-27T18:37:36.776Z] Command:       /Users/Steve/.nvm/versions/node/v8.6.0/bin/node /Users/Steve/.nvm/versions/node/v8.6.0/bin/firebase database:push /users/ksCLY8pWEnZJkeKTEdvc8yMs21o1/entries
[debug] [2017-11-27T18:37:36.776Z] CLI Version:   3.15.3
[debug] [2017-11-27T18:37:36.776Z] Platform:      darwin
[debug] [2017-11-27T18:37:36.776Z] Node Version:  v8.6.0
[debug] [2017-11-27T18:37:36.777Z] Time:          Mon Nov 27 2017 10:37:36 GMT-0800 (PST)
[debug] [2017-11-27T18:37:36.777Z] ----------------------------------------------------------------------
[debug] 
[debug] [2017-11-27T18:37:36.795Z] > command requires scopes: ["email","openid","https://www.googleapis.com/auth/cloudplatformprojects.readonly","https://www.googleapis.com/auth/firebase"]
[debug] [2017-11-27T18:37:36.795Z] > authorizing via signed-in user
[debug] [2017-11-27T18:37:36.796Z] > refreshing access token with scopes: ["email","https://www.googleapis.com/auth/cloudplatformprojects.readonly","https://www.googleapis.com/auth/firebase","openid"]
[debug] [2017-11-27T18:37:36.797Z] >>> HTTP REQUEST POST https://www.googleapis.com/oauth2/v3/token { refresh_token: '1/BqCERpCcfCUZQv3wpECvN7TrpzXkoh4E9ER4EEcvQM0',
  client_id: '563584335869-fgrhgmd47bqnekij5i8b5pr03ho849e6.apps.googleusercontent.com',
  client_secret: 'j9iVZfS8kkCEFUPaAeJV0sAi',
  grant_type: 'refresh_token',
  scope: 'email https://www.googleapis.com/auth/cloudplatformprojects.readonly https://www.googleapis.com/auth/firebase openid' } 
 Mon Nov 27 2017 10:37:36 GMT-0800 (PST)
[debug] [2017-11-27T18:37:36.975Z] <<< HTTP RESPONSE 200
[debug] [2017-11-27T18:37:36.993Z] >>> HTTP REQUEST GET https://admin.firebase.com/v1/projects/berkeley-sprout  
 Mon Nov 27 2017 10:37:36 GMT-0800 (PST)
[debug] [2017-11-27T18:37:37.798Z] <<< HTTP RESPONSE 200
[debug] [2017-11-27T18:37:37.799Z] >>> HTTP REQUEST GET https://admin.firebase.com/v1/database/berkeley-sprout/tokens  
 Mon Nov 27 2017 10:37:37 GMT-0800 (PST)
[debug] [2017-11-27T18:37:38.226Z] <<< HTTP RESPONSE 200
[info] Note: Reading STDIN. Type JSON data and then press Ctrl-D
